Offset 0: Message 3: Database connection established
Offset 62: Message 5: User logout successful
Offset 115: Message 6: New user registered
Offset 165: Message 8: Session expired for user
Offset 220: Message 10: Server restarted
Offset 268: Message 12: API request received
Offset 320: Message 13: Transaction completed
Offset 0: Message 2: File uploaded to server
Offset 54: Message 9: Data backup completed
Offset 106: Message 12: API request received
Offset 158: Message 14: Email sent
Offset 0: Message 2: File uploaded to server
Offset 54: Message 4: Error: Unable to fetch data
Offset 112: Message 10: Server restarted
Offset 160: Message 11: Cache cleared
Offset 0: Message 1: User login successful
Offset 52: Message 2: File uploaded to server
Offset 106: Message 3: Database connection established
Offset 168: Message 4: Error: Unable to fetch data
Offset 226: Message 7: Password changed successfully
Offset 286: Message 8: Session expired for user
Offset 341: Message 13: Transaction completed
Offset 394: Message 15: Backup restored
Offset 0: Message 2: File uploaded to server
Offset 54: Message 3: Database connection established
Offset 116: Message 6: New user registered
Offset 166: Message 15: Backup restored
Offset 0: Message 1: User login successful
Offset 52: Message 4: Error: Unable to fetch data
Offset 110: Message 6: New user registered
Offset 160: Message 9: Data backup completed
Offset 212: Message 13: Transaction completed
