Offset 0: Message 1: User login successful
Offset 52: Message 9: Data backup completed
Offset 104: Message 11: Cache cleared
Offset 0: Message 1: User login successful
Offset 52: Message 5: User logout successful
Offset 105: Message 7: Password changed successfully
Offset 165: Message 11: Cache cleared
Offset 210: Message 15: Backup restored
Offset 0: Message 3: Database connection established
Offset 62: Message 8: Session expired for user
Offset 117: Message 12: API request received
Offset 169: Message 13: Transaction completed
Offset 0: Message 11: Cache cleared
Offset 45: Message 14: Email sent
Offset 0: Message 1: User login successful
Offset 52: Message 2: File uploaded to server
Offset 106: Message 7: Password changed successfully
Offset 166: Message 8: Session expired for user
Offset 221: Message 13: Transaction completed
Offset 0: Message 3: Database connection established
Offset 62: Message 14: Email sent
Offset 104: Message 15: Backup restored
Offset 151: Message 18: Demo complete!
