Offset 0: Message 2: File uploaded to server
Offset 54: Message 4: Error: Unable to fetch data
Offset 112: Message 7: Password changed successfully
Offset 172: Message 14: Email sent
Offset 214: Message 15: Backup restored
Offset 0: Message 3: Database connection established
Offset 62: Message 4: Error: Unable to fetch data
Offset 120: Message 6: New user registered
Offset 170: Message 8: Session expired for user
Offset 225: Message 10: Server restarted
Offset 273: Message 13: Transaction completed
Offset 0: Message 4: Error: Unable to fetch data
Offset 58: Message 8: Session expired for user
Offset 113: Message 9: Data backup completed
Offset 165: Message 10: Server restarted
Offset 213: Message 12: API request received
Offset 265: Message 13: Transaction completed
Offset 0: Message 3: Database connection established
Offset 62: Message 4: Error: Unable to fetch data
Offset 120: Message 5: User logout successful
Offset 173: Message 9: Data backup completed
Offset 225: Message 10: Server restarted
Offset 273: Message 11: Cache cleared
Offset 318: Message 12: API request received
Offset 370: Message 14: Email sent
Offset 412: Message 15: Backup restored
